This is pdfTeX, Version 3.141592653-2.6-1.40.26 (TeX Live 2024/Arch Linux) (preloaded format=pdflatex 2024.12.3)  23 DEC 2024 23:20
entering extended mode
 restricted \write18 enabled.
 %&-line parsing enabled.
**Exercise3.tex
(./Exercise3.tex
LaTeX2e <2023-11-01> patch level 1
L3 programming layer <2024-02-20>
(/usr/share/texmf-dist/tex/latex/base/article.cls
Document Class: article 2023/05/17 v1.4n Standard LaTeX document class
(/usr/share/texmf-dist/tex/latex/base/size12.clo
File: size12.clo 2023/05/17 v1.4n Standard LaTeX file (size option)
)
\c@part=\count188
\c@section=\count189
\c@subsection=\count190
\c@subsubsection=\count191
\c@paragraph=\count192
\c@subparagraph=\count193
\c@figure=\count194
\c@table=\count195
\abovecaptionskip=\skip48
\belowcaptionskip=\skip49
\bibindent=\dimen140
)
(/usr/share/texmf-dist/tex/latex/amsmath/amsmath.sty
Package: amsmath 2023/05/13 v2.17o AMS math features
\@mathmargin=\skip50

For additional information on amsmath, use the `?' option.
(/usr/share/texmf-dist/tex/latex/amsmath/amstext.sty
Package: amstext 2021/08/26 v2.01 AMS text

(/usr/share/texmf-dist/tex/latex/amsmath/amsgen.sty
File: amsgen.sty 1999/11/30 v2.0 generic functions
\@emptytoks=\toks17
\ex@=\dimen141
))
(/usr/share/texmf-dist/tex/latex/amsmath/amsbsy.sty
Package: amsbsy 1999/11/29 v1.2d Bold Symbols
\pmbraise@=\dimen142
)
(/usr/share/texmf-dist/tex/latex/amsmath/amsopn.sty
Package: amsopn 2022/04/08 v2.04 operator names
)
\inf@bad=\count196
LaTeX Info: Redefining \frac on input line 234.
\uproot@=\count197
\leftroot@=\count198
LaTeX Info: Redefining \overline on input line 399.
LaTeX Info: Redefining \colon on input line 410.
\classnum@=\count199
\DOTSCASE@=\count266
LaTeX Info: Redefining \ldots on input line 496.
LaTeX Info: Redefining \dots on input line 499.
LaTeX Info: Redefining \cdots on input line 620.
\Mathstrutbox@=\box51
\strutbox@=\box52
LaTeX Info: Redefining \big on input line 722.
LaTeX Info: Redefining \Big on input line 723.
LaTeX Info: Redefining \bigg on input line 724.
LaTeX Info: Redefining \Bigg on input line 725.
\big@size=\dimen143
LaTeX Font Info:    Redeclaring font encoding OML on input line 743.
LaTeX Font Info:    Redeclaring font encoding OMS on input line 744.
\macc@depth=\count267
LaTeX Info: Redefining \bmod on input line 905.
LaTeX Info: Redefining \pmod on input line 910.
LaTeX Info: Redefining \smash on input line 940.
LaTeX Info: Redefining \relbar on input line 970.
LaTeX Info: Redefining \Relbar on input line 971.
\c@MaxMatrixCols=\count268
\dotsspace@=\muskip16
\c@parentequation=\count269
\dspbrk@lvl=\count270
\tag@help=\toks18
\row@=\count271
\column@=\count272
\maxfields@=\count273
\andhelp@=\toks19
\eqnshift@=\dimen144
\alignsep@=\dimen145
\tagshift@=\dimen146
\tagwidth@=\dimen147
\totwidth@=\dimen148
\lineht@=\dimen149
\@envbody=\toks20
\multlinegap=\skip51
\multlinetaggap=\skip52
\mathdisplay@stack=\toks21
LaTeX Info: Redefining \[ on input line 2953.
LaTeX Info: Redefining \] on input line 2954.
)
(/usr/share/texmf-dist/tex/latex/graphics/graphicx.sty
Package: graphicx 2021/09/16 v1.2d Enhanced LaTeX Graphics (DPC,SPQR)

(/usr/share/texmf-dist/tex/latex/graphics/keyval.sty
Package: keyval 2022/05/29 v1.15 key=value parser (DPC)
\KV@toks@=\toks22
)
(/usr/share/texmf-dist/tex/latex/graphics/graphics.sty
Package: graphics 2022/03/10 v1.4e Standard LaTeX Graphics (DPC,SPQR)

(/usr/share/texmf-dist/tex/latex/graphics/trig.sty
Package: trig 2021/08/11 v1.11 sin cos tan (DPC)
)
(/usr/share/texmf-dist/tex/latex/graphics-cfg/graphics.cfg
File: graphics.cfg 2016/06/04 v1.11 sample graphics configuration
)
Package graphics Info: Driver file: pdftex.def on input line 107.

(/usr/share/texmf-dist/tex/latex/graphics-def/pdftex.def
File: pdftex.def 2022/09/22 v1.2b Graphics/color driver for pdftex
))
\Gin@req@height=\dimen150
\Gin@req@width=\dimen151
)
(/usr/share/texmf-dist/tex/latex/float/float.sty
Package: float 2001/11/08 v1.3d Float enhancements (AL)
\c@float@type=\count274
\float@exts=\toks23
\float@box=\box53
\@float@everytoks=\toks24
\@floatcapt=\box54
)
(/usr/share/texmf-dist/tex/latex/l3backend/l3backend-pdftex.def
File: l3backend-pdftex.def 2024-02-20 L3 backend support: PDF output (pdfTeX)
\l__color_backend_stack_int=\count275
\l__pdf_internal_box=\box55
)
No file Exercise3.aux.
\openout1 = `Exercise3.aux'.

LaTeX Font Info:    Checking defaults for OML/cmm/m/it on input line 9.
LaTeX Font Info:    ... okay on input line 9.
LaTeX Font Info:    Checking defaults for OMS/cmsy/m/n on input line 9.
LaTeX Font Info:    ... okay on input line 9.
LaTeX Font Info:    Checking defaults for OT1/cmr/m/n on input line 9.
LaTeX Font Info:    ... okay on input line 9.
LaTeX Font Info:    Checking defaults for T1/cmr/m/n on input line 9.
LaTeX Font Info:    ... okay on input line 9.
LaTeX Font Info:    Checking defaults for TS1/cmr/m/n on input line 9.
LaTeX Font Info:    ... okay on input line 9.
LaTeX Font Info:    Checking defaults for OMX/cmex/m/n on input line 9.
LaTeX Font Info:    ... okay on input line 9.
LaTeX Font Info:    Checking defaults for U/cmr/m/n on input line 9.
LaTeX Font Info:    ... okay on input line 9.
(/usr/share/texmf-dist/tex/context/base/mkii/supp-pdf.mkii
[Loading MPS to PDF converter (version 2006.09.02).]
\scratchcounter=\count276
\scratchdimen=\dimen152
\scratchbox=\box56
\nofMPsegments=\count277
\nofMParguments=\count278
\everyMPshowfont=\toks25
\MPscratchCnt=\count279
\MPscratchDim=\dimen153
\MPnumerator=\count280
\makeMPintoPDFobject=\count281
\everyMPtoPDFconversion=\toks26
) (/usr/share/texmf-dist/tex/latex/epstopdf-pkg/epstopdf-base.sty
Package: epstopdf-base 2020-01-24 v2.11 Base part for package epstopdf
Package epstopdf-base Info: Redefining graphics rule for `.eps' on input line 4
85.

(/usr/share/texmf-dist/tex/latex/latexconfig/epstopdf-sys.cfg
File: epstopdf-sys.cfg 2010/07/13 v1.3 Configuration of (r)epstopdf for TeX Liv
e
))
No file Exercise3.toc.
\tf@toc=\write3
\openout3 = `Exercise3.toc'.

[1

{/var/lib/texmf/fonts/map/pdftex/updmap/pdftex.map}]
<./Screenshots/1.py.png, id=9, 1909.1325pt x 1718.42pt>
File: ./Screenshots/1.py.png Graphic file (type png)
<use ./Screenshots/1.py.png>
Package pdftex.def Info: ./Screenshots/1.py.png  used on input line 24.
(pdftex.def)             Requested size: 234.00238pt x 210.60661pt.
<./Screenshots/1.png, id=11, 578.16pt x 433.62pt>
File: ./Screenshots/1.png Graphic file (type png)
<use ./Screenshots/1.png>
Package pdftex.def Info: ./Screenshots/1.png  used on input line 28.
(pdftex.def)             Requested size: 234.00238pt x 175.49603pt.
 [2 <./Screenshots/1.py.png> <./Screenshots/1.png>]
<./Screenshots/2.py.png, id=20, 1909.1325pt x 1682.285pt>
File: ./Screenshots/2.py.png Graphic file (type png)
<use ./Screenshots/2.py.png>
Package pdftex.def Info: ./Screenshots/2.py.png  used on input line 36.
(pdftex.def)             Requested size: 234.00238pt x 206.17798pt.
<./Screenshots/2.png, id=21, 578.16pt x 433.62pt>
File: ./Screenshots/2.png Graphic file (type png)
<use ./Screenshots/2.png>
Package pdftex.def Info: ./Screenshots/2.png  used on input line 40.
(pdftex.def)             Requested size: 234.00238pt x 175.49603pt.
 [3 <./Screenshots/2.py.png> <./Screenshots/2.png>]
<./Screenshots/3.py.png, id=28, 2055.68pt x 1830.84pt>
File: ./Screenshots/3.py.png Graphic file (type png)
<use ./Screenshots/3.py.png>
Package pdftex.def Info: ./Screenshots/3.py.png  used on input line 48.
(pdftex.def)             Requested size: 234.00238pt x 208.40504pt.
<./Screenshots/3.png, id=29, 578.16pt x 433.62pt>
File: ./Screenshots/3.png Graphic file (type png)
<use ./Screenshots/3.png>
Package pdftex.def Info: ./Screenshots/3.png  used on input line 52.
(pdftex.def)             Requested size: 234.00238pt x 175.49603pt.

[4 <./Screenshots/3.py.png> <./Screenshots/3.png>]
<./Screenshots/4.py.png, id=37, 2055.68pt x 1792.6975pt>
File: ./Screenshots/4.py.png Graphic file (type png)
<use ./Screenshots/4.py.png>
Package pdftex.def Info: ./Screenshots/4.py.png  used on input line 60.
(pdftex.def)             Requested size: 234.00238pt x 204.06326pt.
<./Screenshots/4.png, id=38, 578.16pt x 433.62pt>
File: ./Screenshots/4.png Graphic file (type png)
<use ./Screenshots/4.png>
Package pdftex.def Info: ./Screenshots/4.png  used on input line 64.
(pdftex.def)             Requested size: 234.00238pt x 175.49603pt.
 [5 <./Screenshots/4.py.png> <./Screenshots/4.png>]

! LaTeX Error: There's no line here to end.

See the LaTeX manual or LaTeX Companion for explanation.
Type  H <return>  for immediate help.
 ...                                              
                                                  
l.71 \\ T
         he Rayleigh distribution is a continuous probability distribution c...

Your command was ignored.
Type  I <command> <return>  to replace it with another command,
or  <return>  to continue without it.

File: ./Screenshots/4.py.png Graphic file (type png)
<use ./Screenshots/4.py.png>
Package pdftex.def Info: ./Screenshots/4.py.png  used on input line 80.
(pdftex.def)             Requested size: 234.00238pt x 204.06326pt.
File: ./Screenshots/4.png Graphic file (type png)
<use ./Screenshots/4.png>
Package pdftex.def Info: ./Screenshots/4.png  used on input line 84.
(pdftex.def)             Requested size: 195.0pt x 146.24449pt.
[6]
<./Screenshots/6.py.png, id=49, 2055.68pt x 2653.915pt>
File: ./Screenshots/6.py.png Graphic file (type png)
<use ./Screenshots/6.py.png>
Package pdftex.def Info: ./Screenshots/6.py.png  used on input line 95.
(pdftex.def)             Requested size: 195.0pt x 251.71959pt.
 [7 <./Screenshots/6.py.png>]
<./Screenshots/7.py.png, id=56, 2055.68pt x 2989.1675pt>
File: ./Screenshots/7.py.png Graphic file (type png)
<use ./Screenshots/7.py.png>
Package pdftex.def Info: ./Screenshots/7.py.png  used on input line 115.
(pdftex.def)             Requested size: 195.0pt x 283.51776pt.


! LaTeX Error: There's no line here to end.

See the LaTeX manual or LaTeX Companion for explanation.
Type  H <return>  for immediate help.
 ...                                              
                                                  
l.117 \begin
            {figure}[h!]
Your command was ignored.
Type  I <command> <return>  to replace it with another command,
or  <return>  to continue without it.

<./Screenshots/7.png, id=57, 578.16pt x 578.16pt>
File: ./Screenshots/7.png Graphic file (type png)
<use ./Screenshots/7.png>
Package pdftex.def Info: ./Screenshots/7.png  used on input line 119.
(pdftex.def)             Requested size: 195.0pt x 194.99266pt.

! LaTeX Error: \begin{document} ended by \end{enumerate}.

See the LaTeX manual or LaTeX Companion for explanation.
Type  H <return>  for immediate help.
 ...                                              
                                                  
l.125 \end{enumerate}
                     
Your command was ignored.
Type  I <command> <return>  to replace it with another command,
or  <return>  to continue without it.

! Extra \endgroup.
<recently read> \endgroup 
                          
l.125 \end{enumerate}
                     
Things are pretty mixed up, but I think the worst is over.

[8 <./Screenshots/7.py.png> <./Screenshots/7.png>] (./Exercise3.aux)
 ***********
LaTeX2e <2023-11-01> patch level 1
L3 programming layer <2024-02-20>
 ***********
 ) 
Here is how much of TeX's memory you used:
 2161 strings out of 476076
 33195 string characters out of 5793775
 1929187 words of memory out of 5000000
 24284 multiletter control sequences out of 15000+600000
 564392 words of font info for 58 fonts, out of 8000000 for 9000
 14 hyphenation exceptions out of 8191
 57i,7n,65p,270b,242s stack positions out of 10000i,1000n,20000p,200000b,200000s
 </home/mg530/.texlive/texmf-var/fonts/pk/ljfour/jknappen/ec/tcrm1200.600pk><
/usr/share/texmf-dist/fonts/type1/public/amsfonts/cm/cmbx12.pfb></usr/share/tex
mf-dist/fonts/type1/public/amsfonts/cm/cmex10.pfb></usr/share/texmf-dist/fonts/
type1/public/amsfonts/cm/cmmi12.pfb></usr/share/texmf-dist/fonts/type1/public/a
msfonts/cm/cmmi6.pfb></usr/share/texmf-dist/fonts/type1/public/amsfonts/cm/cmmi
8.pfb></usr/share/texmf-dist/fonts/type1/public/amsfonts/cm/cmr12.pfb></usr/sha
re/texmf-dist/fonts/type1/public/amsfonts/cm/cmr17.pfb></usr/share/texmf-dist/f
onts/type1/public/amsfonts/cm/cmr6.pfb></usr/share/texmf-dist/fonts/type1/publi
c/amsfonts/cm/cmr8.pfb></usr/share/texmf-dist/fonts/type1/public/amsfonts/cm/cm
sy10.pfb></usr/share/texmf-dist/fonts/type1/public/amsfonts/cm/cmsy8.pfb>
Output written on Exercise3.pdf (8 pages, 2241460 bytes).
PDF statistics:
 114 PDF objects out of 1000 (max. 8388607)
 58 compressed objects within 1 object stream
 0 named destinations out of 1000 (max. 500000)
 56 words of extra memory for PDF output out of 10000 (max. 10000000)

